#
# There is insufficient memory for the Java Runtime Environment to continue.
# Native memory allocation (mmap) failed to map 27262976 bytes for Failed to commit area from 0x0000000089c00000 to 0x000000008b600000 of length 27262976.
# Possible reasons:
#   The system is out of physical RAM or swap space
#   The process is running with CompressedOops enabled, and the Java Heap may be blocking the growth of the native heap
# Possible solutions:
#   Reduce memory load on the system
#   Increase physical memory or swap space
#   Check if swap backing store is full
#   Decrease Java heap size (-Xmx/-Xms)
#   Decrease number of Java threads
#   Decrease Java thread stack sizes (-Xss)
#   Set larger code cache with -XX:ReservedCodeCacheSize=
#   JVM is running with Unscaled Compressed Oops mode in which the Java heap is
#     placed in the first 4GB address space. The Java Heap base address is the
#     maximum limit for the native heap growth. Please use -XX:HeapBaseMinAddress
#     to set the Java Heap base and to place the Java Heap above 4GB virtual address.
# This output file may be truncated or incomplete.
#
#  Out of Memory Error (./open/src/hotspot/os/windows/os_windows.cpp:3293), pid=7432, tid=13384
#
# JRE version: Java(TM) SE Runtime Environment 18.9 (11.0.20+9) (build 11.0.20+9-LTS-256)
# Java VM: Java HotSpot(TM) 64-Bit Server VM 18.9 (11.0.20+9-LTS-256, mixed mode, tiered, compressed oops, g1 gc, windows-amd64)
# No core dump will be written. Minidumps are not enabled by default on client versions of Windows
#

---------------  S U M M A R Y ------------

Command Line: -javaagent:C:\Program Files\JetBrains\IntelliJ IDEA Community Edition 2025.2.5\lib\idea_rt.jar=60442 -Dfile.encoding=UTF-8 Main

Host: Intel(R) Core(TM) i5-6200U CPU @ 2.30GHz, 4 cores, 7G,  Windows 10 , 64 bit Build 19041 (10.0.19041.5915)
Time: Thu Jan 15 22:21:16 2026 India Standard Time elapsed time: 8.039214 seconds (0d 0h 0m 8s)

---------------  T H R E A D  ---------------

Current thread (0x000001cb7eba5000):  VMThread "VM Thread" [stack: 0x00000098d0c00000,0x00000098d0d00000] [id=13384]

Stack: [0x00000098d0c00000,0x00000098d0d00000]
[error occurred during error reporting (printing stack bounds), id 0xc0000005, EXCEPTION_ACCESS_VIOLATION (0xc0000005) at pc=0x000001cb6cb50f2d]

Native frames: (J=compiled Java code, j=interpreted, Vv=VM code, C=native code)
V  [jvm.dll+0x6602ba]
V  [jvm.dll+0x7a32af]
V  [jvm.dll+0x7a4979]
V  [jvm.dll+0x7a4f75]
V  [jvm.dll+0x7a4f2b]
V  [jvm.dll+0x65f7c3]
V  [jvm.dll+0x65feb8]
C  [ntdll.dll+0xa296f]
C  [ntdll.dll+0x52554]
C  [ntdll.dll+0xa147e]
C  0x000001cb6cb50f2d

VM_Operation (0x00000098d1dfc470): CollectForMetadataAllocation, mode: safepoint, requested by thread 0x000001cb7f772800


---------------  P R O C E S S  ---------------

Threads class SMR info:
_java_thread_list=0x000001cb04f359b0, length=20, elements={
0x000001cb65462000, 0x000001cb7eba7800, 0x000001cb7ebd3800, 0x000001cb7f552800,
0x000001cb7ebe1000, 0x000001cb7ebe2000, 0x000001cb7ebea800, 0x000001cb7ebef800,
0x000001cb7ebf4000, 0x000001cb7f69a800, 0x000001cb7f825800, 0x000001cb7f77a800,
0x000001cb7f772800, 0x000001cb04855800, 0x000001cb04843000, 0x000001cb04e24800,
0x000001cb05172800, 0x000001cb04f4c800, 0x000001cb045fe800, 0x000001cb7f720000
}

Java Threads: ( => current thread )
  0x000001cb65462000 JavaThread "main" [_thread_blocked, id=14012, stack(0x00000098d0600000,0x00000098d0700000)]
  0x000001cb7eba7800 JavaThread "Reference Handler" daemon [_thread_blocked, id=4476, stack(0x00000098d0d00000,0x00000098d0e00000)]
  0x000001cb7ebd3800 JavaThread "Finalizer" daemon [_thread_blocked, id=9176, stack(0x00000098d0e00000,0x00000098d0f00000)]
  0x000001cb7f552800 JavaThread "Signal Dispatcher" daemon [_thread_blocked, id=8048, stack(0x00000098d0f00000,0x00000098d1000000)]
  0x000001cb7ebe1000 JavaThread "Attach Listener" daemon [_thread_blocked, id=13996, stack(0x00000098d1000000,0x00000098d1100000)]
  0x000001cb7ebe2000 JavaThread "Service Thread" daemon [_thread_blocked, id=10732, stack(0x00000098d1100000,0x00000098d1200000)]
  0x000001cb7ebea800 JavaThread "C2 CompilerThread0" daemon [_thread_blocked, id=1236, stack(0x00000098d1200000,0x00000098d1300000)]
  0x000001cb7ebef800 JavaThread "C1 CompilerThread0" daemon [_thread_blocked, id=14572, stack(0x00000098d1300000,0x00000098d1400000)]
  0x000001cb7ebf4000 JavaThread "Sweeper thread" daemon [_thread_blocked, id=9208, stack(0x00000098d1400000,0x00000098d1500000)]
  0x000001cb7f69a800 JavaThread "Common-Cleaner" daemon [_thread_blocked, id=4116, stack(0x00000098d1500000,0x00000098d1600000)]
  0x000001cb7f825800 JavaThread "Monitor Ctrl-Break" daemon [_thread_in_native, id=14456, stack(0x00000098d1600000,0x00000098d1700000)]
  0x000001cb7f77a800 JavaThread "JavaFX-Launcher" [_thread_blocked, id=15304, stack(0x00000098d1800000,0x00000098d1900000)]
  0x000001cb7f772800 JavaThread "QuantumRenderer-0" daemon [_thread_blocked, id=16184, stack(0x00000098d1d00000,0x00000098d1e00000)]
  0x000001cb04855800 JavaThread "InvokeLaterDispatcher" daemon [_thread_blocked, id=14764, stack(0x00000098d1f00000,0x00000098d2000000)]
  0x000001cb04843000 JavaThread "JavaFX Application Thread" [_thread_blocked, id=15716, stack(0x00000098d2000000,0x00000098d2100000)]
  0x000001cb04e24800 JavaThread "Thread-2" daemon [_thread_blocked, id=14420, stack(0x00000098d2400000,0x00000098d2500000)]
  0x000001cb05172800 JavaThread "mysql-cj-abandoned-connection-cleanup" daemon [_thread_blocked, id=14196, stack(0x00000098d2500000,0x00000098d2600000)]
  0x000001cb04f4c800 JavaThread "Prism Font Disposer" daemon [_thread_blocked, id=4372, stack(0x00000098d1900000,0x00000098d1a00000)]
  0x000001cb045fe800 JavaThread "C2 CompilerThread1" daemon [_thread_blocked, id=14180, stack(0x00000098d2900000,0x00000098d2a00000)]
  0x000001cb7f720000 JavaThread "Cleaner-0" daemon [_thread_blocked, id=10708, stack(0x00000098d2a00000,0x00000098d2b00000)]

Other Threads:
=>0x000001cb7eba5000 VMThread "VM Thread" [stack: 0x00000098d0c00000,0x00000098d0d00000] [id=13384]
  0x000001cb7f88f800 WatcherThread [stack: 0x00000098d1700000,0x00000098d1800000] [id=6520]
  0x000001cb65478800 GCTaskThread "GC Thread#0" [stack: 0x00000098d0700000,0x00000098d0800000] [id=10160]
  0x000001cb0437d800 GCTaskThread "GC Thread#1" [stack: 0x00000098d1a00000,0x00000098d1b00000] [id=14484]
  0x000001cb043a5000 GCTaskThread "GC Thread#2" [stack: 0x00000098d1b00000,0x00000098d1c00000] [id=16100]
  0x000001cb04607000 GCTaskThread "GC Thread#3" [stack: 0x00000098d1c00000,0x00000098d1d00000] [id=16328]
  0x000001cb654a8000 ConcurrentGCThread "G1 Main Marker" [stack: 0x00000098d0800000,0x00000098d0900000] [id=15544]
  0x000001cb654a9800 ConcurrentGCThread "G1 Conc#0" [stack: 0x00000098d0900000,0x00000098d0a00000] [id=1788]
  0x000001cb6553e000 ConcurrentGCThread "G1 Refine#0" [stack: 0x00000098d0a00000,0x00000098d0b00000] [id=15108]
  0x000001cb7ea11800 ConcurrentGCThread "G1 Young RemSet Sampling" [stack: 0x00000098d0b00000,0x00000098d0c00000] [id=12864]

Threads with active compile tasks:
C2 CompilerThread0     8108 2899       4       jdk.internal.loader.URLClassPath::getResource (74 bytes)
C1 CompilerThread0     8108 2909       3       java.util.HashMap$ValueIterator::<init> (11 bytes)

VM state:at safepoint (normal execution)

VM Mutex/Monitor currently owned by a thread:  ([mutex/lock_event])
[0x000001cb6545e250] Threads_lock - owner thread: 0x000001cb7eba5000
[0x000001cb6545d170] Heap_lock - owner thread: 0x000001cb7f772800

Heap address: 0x0000000081c00000, size: 2020 MB, Compressed Oops mode: 32-bit
Narrow klass base: 0x0000000000000000, Narrow klass shift: 3
Compressed class space size: 1073741824 Address: 0x0000000100000000

Heap:
 garbage-first heap   total 157696K, used 15635K [0x0000000081c00000, 0x0000000100000000)
  region size 1024K, 6 young (6144K), 6 survivors (6144K)
 Metaspace       used 34365K, capacity 35693K, committed 35840K, reserved 1081344K
  class space    used 4558K, capacity 5139K, committed 5248K, reserved 1048576K
Heap Regions: E=young(eden), S=young(survivor), O=old, HS=humongous(starts), HC=humongous(continues), CS=collection set, F=free, A=archive, TAMS=top-at-mark-start (previous, next)
|   0|0x0000000081c00000, 0x0000000081d00000, 0x0000000081d00000|100%| O|  |TAMS 0x0000000081d00000, 0x0000000081d00000| Untracked 
|   1|0x0000000081d00000, 0x0000000081e00000, 0x0000000081e00000|100%| O|  |TAMS 0x0000000081e00000, 0x0000000081e00000| Untracked 
|   2|0x0000000081e00000, 0x0000000081f00000, 0x0000000081f00000|100%| O|  |TAMS 0x0000000081f00000, 0x0000000081f00000| Untracked 
|   3|0x0000000081f00000, 0x0000000082000000, 0x0000000082000000|100%| O|  |TAMS 0x0000000082000000, 0x0000000082000000| Untracked 
|   4|0x0000000082000000, 0x0000000082100000, 0x0000000082100000|100%| O|  |TAMS 0x0000000082100000, 0x0000000082100000| Untracked 
|   5|0x0000000082100000, 0x0000000082200000, 0x0000000082200000|100%| O|  |TAMS 0x0000000082200000, 0x0000000082200000| Untracked 
|   6|0x0000000082200000, 0x0000000082300000, 0x0000000082300000|100%| O|  |TAMS 0x0000000082269a00, 0x0000000082300000| Untracked 
|   7|0x0000000082300000, 0x00000000823cf200, 0x0000000082400000| 80%| O|  |TAMS 0x0000000082300000, 0x00000000823cf200| Untracked 
|   8|0x0000000082400000, 0x0000000082500000, 0x0000000082500000|100%|HS|  |TAMS 0x0000000082400000, 0x0000000082500000| Complete 
|   9|0x0000000082500000, 0x0000000082600000, 0x0000000082600000|100%|HC|  |TAMS 0x0000000082500000, 0x0000000082600000| Complete 
|  10|0x0000000082600000, 0x0000000082600000, 0x0000000082700000|  0%| F|  |TAMS 0x0000000082600000, 0x0000000082600000| Untracked 
|  11|0x0000000082700000, 0x0000000082700000, 0x0000000082800000|  0%| F|  |TAMS 0x0000000082700000, 0x0000000082700000| Untracked 
|  12|0x0000000082800000, 0x0000000082800000, 0x0000000082900000|  0%| F|  |TAMS 0x0000000082800000, 0x0000000082800000| Untracked 
|  13|0x0000000082900000, 0x0000000082900000, 0x0000000082a00000|  0%| F|  |TAMS 0x0000000082900000, 0x0000000082900000| Untracked 
|  14|0x0000000082a00000, 0x0000000082a00000, 0x0000000082b00000|  0%| F|  |TAMS 0x0000000082a00000, 0x0000000082a00000| Untracked 
|  15|0x0000000082b00000, 0x0000000082b00000, 0x0000000082c00000|  0%| F|  |TAMS 0x0000000082b00000, 0x0000000082b00000| Untracked 
|  16|0x0000000082c00000, 0x0000000082c00000, 0x0000000082d00000|  0%| F|  |TAMS 0x0000000082c00000, 0x0000000082c00000| Untracked 
|  17|0x0000000082d00000, 0x0000000082d00000, 0x0000000082e00000|  0%| F|  |TAMS 0x0000000082d00000, 0x0000000082d00000| Untracked 
|  18|0x0000000082e00000, 0x0000000082e00000, 0x0000000082f00000|  0%| F|  |TAMS 0x0000000082e00000, 0x0000000082e00000| Untracked 
|  19|0x0000000082f00000, 0x0000000082f00000, 0x0000000083000000|  0%| F|  |TAMS 0x0000000082f00000, 0x0000000082f00000| Untracked 
|  20|0x0000000083000000, 0x0000000083000000, 0x0000000083100000|  0%| F|  |TAMS 0x0000000083000000, 0x0000000083000000| Untracked 
|  21|0x0000000083100000, 0x0000000083100000, 0x0000000083200000|  0%| F|  |TAMS 0x0000000083100000, 0x0000000083100000| Untracked 
|  22|0x0000000083200000, 0x0000000083200000, 0x0000000083300000|  0%| F|  |TAMS 0x0000000083200000, 0x0000000083200000| Untracked 
|  23|0x0000000083300000, 0x0000000083300000, 0x0000000083400000|  0%| F|  |TAMS 0x0000000083300000, 0x0000000083300000| Untracked 
|  24|0x0000000083400000, 0x0000000083400000, 0x0000000083500000|  0%| F|  |TAMS 0x0000000083400000, 0x0000000083400000| Untracked 
|  25|0x0000000083500000, 0x0000000083500000, 0x0000000083600000|  0%| F|  |TAMS 0x0000000083500000, 0x0000000083500000| Untracked 
|  26|0x0000000083600000, 0x0000000083600000, 0x0000000083700000|  0%| F|  |TAMS 0x0000000083600000, 0x0000000083600000| Untracked 
|  27|0x0000000083700000, 0x0000000083700000, 0x0000000083800000|  0%| F|  |TAMS 0x0000000083700000, 0x0000000083700000| Untracked 
|  28|0x0000000083800000, 0x0000000083800000, 0x0000000083900000|  0%| F|  |TAMS 0x0000000083800000, 0x0000000083800000| Untracked 
|  29|0x0000000083900000, 0x0000000083900000, 0x0000000083a00000|  0%| F|  |TAMS 0x0000000083900000, 0x0000000083900000| Untracked 
|  30|0x0000000083a00000, 0x0000000083a00000, 0x0000000083b00000|  0%| F|  |TAMS 0x0000000083a00000, 0x0000000083a00000| Untracked 
|  31|0x0000000083b00000, 0x0000000083b00000, 0x0000000083c00000|  0%| F|  |TAMS 0x0000000083b00000, 0x0000000083b00000| Untracked 
|  32|0x0000000083c00000, 0x0000000083c00000, 0x0000000083d00000|  0%| F|  |TAMS 0x0000000083c00000, 0x0000000083c00000| Untracked 
|  33|0x0000000083d00000, 0x0000000083d00000, 0x0000000083e00000|  0%| F|  |TAMS 0x0000000083d00000, 0x0000000083d00000| Untracked 
|  34|0x0000000083e00000, 0x0000000083e00000, 0x0000000083f00000|  0%| F|  |TAMS 0x0000000083e00000, 0x0000000083e00000| Untracked 
|  35|0x0000000083f00000, 0x0000000083f00000, 0x0000000084000000|  0%| F|  |TAMS 0x0000000083f00000, 0x0000000083f00000| Untracked 
|  36|0x0000000084000000, 0x0000000084000000, 0x0000000084100000|  0%| F|  |TAMS 0x0000000084000000, 0x0000000084000000| Untracked 
|  37|0x0000000084100000, 0x0000000084100000, 0x0000000084200000|  0%| F|  |TAMS 0x0000000084100000, 0x0000000084100000| Untracked 
|  38|0x0000000084200000, 0x0000000084200000, 0x0000000084300000|  0%| F|  |TAMS 0x0000000084200000, 0x0000000084200000| Untracked 
|  39|0x0000000084300000, 0x0000000084300000, 0x0000000084400000|  0%| F|  |TAMS 0x0000000084300000, 0x0000000084300000| Untracked 
|  40|0x0000000084400000, 0x0000000084400000, 0x0000000084500000|  0%| F|  |TAMS 0x0000000084400000, 0x0000000084400000| Untracked 
|  41|0x0000000084500000, 0x0000000084500000, 0x0000000084600000|  0%| F|  |TAMS 0x0000000084500000, 0x0000000084500000| Untracked 
|  42|0x0000000084600000, 0x0000000084600000, 0x0000000084700000|  0%| F|  |TAMS 0x0000000084600000, 0x0000000084600000| Untracked 
|  43|0x0000000084700000, 0x0000000084700000, 0x0000000084800000|  0%| F|  |TAMS 0x0000000084700000, 0x0000000084700000| Untracked 
|  44|0x0000000084800000, 0x0000000084800000, 0x0000000084900000|  0%| F|  |TAMS 0x0000000084800000, 0x0000000084800000| Untracked 
|  45|0x0000000084900000, 0x0000000084900000, 0x0000000084a00000|  0%| F|  |TAMS 0x0000000084900000, 0x0000000084900000| Untracked 
|  46|0x0000000084a00000, 0x0000000084a00000, 0x0000000084b00000|  0%| F|  |TAMS 0x0000000084a00000, 0x0000000084a00000| Untracked 
|  47|0x0000000084b00000, 0x0000000084b00000, 0x0000000084c00000|  0%| F|  |TAMS 0x0000000084b00000, 0x0000000084b00000| Untracked 
|  48|0x0000000084c00000, 0x0000000084c00000, 0x0000000084d00000|  0%| F|  |TAMS 0x0000000084c00000, 0x0000000084c00000| Untracked 
|  49|0x0000000084d00000, 0x0000000084d00000, 0x0000000084e00000|  0%| F|  |TAMS 0x0000000084d00000, 0x0000000084d00000| Untracked 
|  50|0x0000000084e00000, 0x0000000084e00000, 0x0000000084f00000|  0%| F|  |TAMS 0x0000000084e00000, 0x0000000084e00000| Untracked 
|  51|0x0000000084f00000, 0x0000000084f00000, 0x0000000085000000|  0%| F|  |TAMS 0x0000000084f00000, 0x0000000084f00000| Untracked 
|  52|0x0000000085000000, 0x0000000085000000, 0x0000000085100000|  0%| F|  |TAMS 0x0000000085000000, 0x0000000085000000| Untracked 
|  53|0x0000000085100000, 0x0000000085100000, 0x0000000085200000|  0%| F|  |TAMS 0x0000000085100000, 0x0000000085100000| Untracked 
|  54|0x0000000085200000, 0x0000000085200000, 0x0000000085300000|  0%| F|  |TAMS 0x0000000085200000, 0x0000000085200000| Untracked 
|  55|0x0000000085300000, 0x0000000085300000, 0x0000000085400000|  0%| F|  |TAMS 0x0000000085300000, 0x0000000085300000| Untracked 
|  56|0x0000000085400000, 0x0000000085400000, 0x0000000085500000|  0%| F|  |TAMS 0x0000000085400000, 0x0000000085400000| Untracked 
|  57|0x0000000085500000, 0x0000000085500000, 0x0000000085600000|  0%| F|  |TAMS 0x0000000085500000, 0x0000000085500000| Untracked 
|  58|0x0000000085600000, 0x0000000085600000, 0x0000000085700000|  0%| F|  |TAMS 0x0000000085600000, 0x0000000085600000| Untracked 
|  59|0x0000000085700000, 0x0000000085700000, 0x0000000085800000|  0%| F|  |TAMS 0x0000000085700000, 0x0000000085700000| Untracked 
|  60|0x0000000085800000, 0x0000000085800000, 0x0000000085900000|  0%| F|  |TAMS 0x0000000085800000, 0x0000000085800000| Untracked 
|  61|0x0000000085900000, 0x0000000085900000, 0x0000000085a00000|  0%| F|  |TAMS 0x0000000085900000, 0x0000000085900000| Untracked 
|  62|0x0000000085a00000, 0x0000000085a00000, 0x0000000085b00000|  0%| F|  |TAMS 0x0000000085a00000, 0x0000000085a00000| Untracked 
|  63|0x0000000085b00000, 0x0000000085b00000, 0x0000000085c00000|  0%| F|  |TAMS 0x0000000085b00000, 0x0000000085b00000| Untracked 
|  64|0x0000000085c00000, 0x0000000085c00000, 0x0000000085d00000|  0%| F|  |TAMS 0x0000000085c00000, 0x0000000085c00000| Untracked 
|  65|0x0000000085d00000, 0x0000000085d00000, 0x0000000085e00000|  0%| F|  |TAMS 0x0000000085d00000, 0x0000000085d00000| Untracked 
|  66|0x0000000085e00000, 0x0000000085e00000, 0x0000000085f00000|  0%| F|  |TAMS 0x0000000085e00000, 0x0000000085e00000| Untracked 
|  67|0x0000000085f00000, 0x0000000085f00000, 0x0000000086000000|  0%| F|  |TAMS 0x0000000085f00000, 0x0000000085f00000| Untracked 
|  68|0x0000000086000000, 0x0000000086000000, 0x0000000086100000|  0%| F|  |TAMS 0x0000000086000000, 0x0000000086000000| Untracked 
|  69|0x0000000086100000, 0x0000000086100000, 0x0000000086200000|  0%| F|  |TAMS 0x0000000086100000, 0x0000000086100000| Untracked 
|  70|0x0000000086200000, 0x0000000086200000, 0x0000000086300000|  0%| F|  |TAMS 0x0000000086200000, 0x0000000086200000| Untracked 
|  71|0x0000000086300000, 0x0000000086300000, 0x0000000086400000|  0%| F|  |TAMS 0x0000000086300000, 0x0000000086300000| Untracked 
|  72|0x0000000086400000, 0x0000000086400000, 0x0000000086500000|  0%| F|  |TAMS 0x0000000086400000, 0x0000000086400000| Untracked 
|  73|0x0000000086500000, 0x0000000086500000, 0x0000000086600000|  0%| F|  |TAMS 0x0000000086500000, 0x0000000086500000| Untracked 
|  74|0x0000000086600000, 0x0000000086600000, 0x0000000086700000|  0%| F|  |TAMS 0x0000000086600000, 0x0000000086600000| Untracked 
|  75|0x0000000086700000, 0x0000000086700000, 0x0000000086800000|  0%| F|  |TAMS 0x0000000086700000, 0x0000000086700000| Untracked 
|  76|0x0000000086800000, 0x0000000086800000, 0x0000000086900000|  0%| F|  |TAMS 0x0000000086800000, 0x0000000086800000| Untracked 
|  77|0x0000000086900000, 0x0000000086900000, 0x0000000086a00000|  0%| F|  |TAMS 0x0000000086900000, 0x0000000086900000| Untracked 
|  78|0x0000000086a00000, 0x0000000086a00000, 0x0000000086b00000|  0%| F|  |TAMS 0x0000000086a00000, 0x0000000086a00000| Untracked 
|  79|0x0000000086b00000, 0x0000000086b00000, 0x0000000086c00000|  0%| F|  |TAMS 0x0000000086b00000, 0x0000000086b00000| Untracked 
|  80|0x0000000086c00000, 0x0000000086c00000, 0x0000000086d00000|  0%| F|  |TAMS 0x0000000086c00000, 0x0000000086c00000| Untracked 
|  81|0x0000000086d00000, 0x0000000086d00000, 0x0000000086e00000|  0%| F|  |TAMS 0x0000000086d00000, 0x0000000086d00000| Untracked 
|  82|0x0000000086e00000, 0x0000000086e00000, 0x0000000086f00000|  0%| F|  |TAMS 0x0000000086e00000, 0x0000000086e00000| Untracked 
|  83|0x0000000086f00000, 0x0000000086f00000, 0x0000000087000000|  0%| F|  |TAMS 0x0000000086f00000, 0x0000000086f00000| Untracked 
|  84|0x0000000087000000, 0x0000000087000000, 0x0000000087100000|  0%| F|  |TAMS 0x0000000087000000, 0x0000000087000000| Untracked 
|  85|0x0000000087100000, 0x0000000087100000, 0x0000000087200000|  0%| F|  |TAMS 0x0000000087100000, 0x0000000087100000| Untracked 
|  86|0x0000000087200000, 0x0000000087200000, 0x0000000087300000|  0%| F|  |TAMS 0x0000000087200000, 0x0000000087200000| Untracked 
|  87|0x0000000087300000, 0x0000000087300000, 0x0000000087400000|  0%| F|  |TAMS 0x0000000087300000, 0x0000000087300000| Untracked 
|  88|0x0000000087400000, 0x0000000087400000, 0x0000000087500000|  0%| F|  |TAMS 0x0000000087400000, 0x0000000087400000| Untracked 
|  89|0x0000000087500000, 0x0000000087500000, 0x0000000087600000|  0%| F|  |TAMS 0x0000000087500000, 0x0000000087500000| Untracked 
|  90|0x0000000087600000, 0x0000000087600000, 0x0000000087700000|  0%| F|  |TAMS 0x0000000087600000, 0x0000000087600000| Untracked 
|  91|0x0000000087700000, 0x0000000087700000, 0x0000000087800000|  0%| F|  |TAMS 0x0000000087700000, 0x0000000087700000| Untracked 
|  92|0x0000000087800000, 0x0000000087800000, 0x0000000087900000|  0%| F|  |TAMS 0x0000000087800000, 0x0000000087800000| Untracked 
|  93|0x0000000087900000, 0x0000000087900000, 0x0000000087a00000|  0%| F|  |TAMS 0x0000000087900000, 0x0000000087900000| Untracked 
|  94|0x0000000087a00000, 0x0000000087a00000, 0x0000000087b00000|  0%| F|  |TAMS 0x0000000087a00000, 0x0000000087a00000| Untracked 
|  95|0x0000000087b00000, 0x0000000087b00000, 0x0000000087c00000|  0%| F|  |TAMS 0x0000000087b00000, 0x0000000087b00000| Untracked 
|  96|0x0000000087c00000, 0x0000000087c00000, 0x0000000087d00000|  0%| F|  |TAMS 0x0000000087c00000, 0x0000000087c00000| Untracked 
|  97|0x0000000087d00000, 0x0000000087d00000, 0x0000000087e00000|  0%| F|  |TAMS 0x0000000087d00000, 0x0000000087d00000| Untracked 
|  98|0x0000000087e00000, 0x0000000087e00000, 0x0000000087f00000|  0%| F|  |TAMS 0x0000000087e00000, 0x0000000087e00000| Untracked 
|  99|0x0000000087f00000, 0x0000000087f00000, 0x0000000088000000|  0%| F|  |TAMS 0x0000000087f00000, 0x0000000087f00000| Untracked 
| 100|0x0000000088000000, 0x0000000088000000, 0x0000000088100000|  0%| F|  |TAMS 0x0000000088000000, 0x0000000088000000| Untracked 
| 101|0x0000000088100000, 0x0000000088100000, 0x0000000088200000|  0%| F|  |TAMS 0x0000000088100000, 0x0000000088100000| Untracked 
| 102|0x0000000088200000, 0x0000000088200000, 0x0000000088300000|  0%| F|  |TAMS 0x0000000088200000, 0x0000000088200000| Untracked 
| 103|0x0000000088300000, 0x0000000088300000, 0x0000000088400000|  0%| F|  |TAMS 0x0000000088300000, 0x0000000088300000| Untracked 
| 104|0x0000000088400000, 0x0000000088400000, 0x0000000088500000|  0%| F|  |TAMS 0x0000000088400000, 0x0000000088400000| Untracked 
| 105|0x0000000088500000, 0x0000000088500000, 0x0000000088600000|  0%| F|  |TAMS 0x0000000088500000, 0x0000000088500000| Untracked 
| 106|0x0000000088600000, 0x0000000088600000, 0x0000000088700000|  0%| F|  |TAMS 0x0000000088600000, 0x0000000088600000| Untracked 
| 107|0x0000000088700000, 0x0000000088700000, 0x0000000088800000|  0%| F|  |TAMS 0x0000000088700000, 0x0000000088700000| Untracked 
| 108|0x0000000088800000, 0x0000000088800000, 0x0000000088900000|  0%| F|  |TAMS 0x0000000088800000, 0x0000000088800000| Untracked 
| 109|0x0000000088900000, 0x0000000088900000, 0x0000000088a00000|  0%| F|  |TAMS 0x0000000088900000, 0x0000000088900000| Untracked 
| 110|0x0000000088a00000, 0x0000000088a00000, 0x0000000088b00000|  0%| F|  |TAMS 0x0000000088a00000, 0x0000000088a00000| Untracked 
| 111|0x0000000088b00000, 0x0000000088b00000, 0x0000000088c00000|  0%| F|  |TAMS 0x0000000088b00000, 0x0000000088b00000| Untracked 
| 112|0x0000000088c00000, 0x0000000088c75c90, 0x0000000088d00000| 46%| S|CS|TAMS 0x0000000088c00000, 0x0000000088c00000| Complete 
| 113|0x0000000088d00000, 0x0000000088e00000, 0x0000000088e00000|100%| S|CS|TAMS 0x0000000088d00000, 0x0000000088d00000| Complete 
| 114|0x0000000088e00000, 0x0000000088f00000, 0x0000000088f00000|100%| S|CS|TAMS 0x0000000088e00000, 0x0000000088e00000| Complete 
| 115|0x0000000088f00000, 0x0000000089000000, 0x0000000089000000|100%| S|CS|TAMS 0x0000000088f00000, 0x0000000088f00000| Complete 
| 116|0x0000000089000000, 0x0000000089100000, 0x0000000089100000|100%| S|CS|TAMS 0x0000000089000000, 0x0000000089000000| Complete 
| 117|0x0000000089100000, 0x0000000089200000, 0x0000000089200000|100%| S|CS|TAMS 0x0000000089100000, 0x0000000089100000| Complete 
| 118|0x0000000089200000, 0x0000000089200000, 0x0000000089300000|  0%| F|  |TAMS 0x0000000089200000, 0x0000000089200000| Untracked 
| 119|0x0000000089300000, 0x0000000089300000, 0x0000000089400000|  0%| F|  |TAMS 0x0000000089300000, 0x0000000089300000| Untracked 
| 120|0x0000000089400000, 0x0000000089400000, 0x0000000089500000|  0%| F|  |TAMS 0x0000000089400000, 0x0000000089400000| Untracked 
| 121|0x0000000089500000, 0x0000000089500000, 0x0000000089600000|  0%| F|  |TAMS 0x0000000089500000, 0x0000000089500000| Untracked 
| 122|0x0000000089600000, 0x0000000089600000, 0x0000000089700000|  0%| F|  |TAMS 0x0000000089600000, 0x0000000089600000| Untracked 
| 123|0x0000000089700000, 0x0000000089700000, 0x0000000089800000|  0%| F|  |TAMS 0x0000000089700000, 0x0000000089700000| Untracked 
| 124|0x0000000089800000, 0x0000000089800000, 0x0000000089900000|  0%| F|  |TAMS 0x0000000089800000, 0x0000000089800000| Untracked 
| 125|0x0000000089900000, 0x0000000089900000, 0x0000000089a00000|  0%| F|  |TAMS 0x0000000089900000, 0x0000000089900000| Untracked 
| 126|0x0000000089a00000, 0x0000000089a00000, 0x0000000089b00000|  0%| F|  |TAMS 0x0000000089a00000, 0x0000000089a00000| Untracked 
| 127|0x0000000089b00000, 0x0000000089b00000, 0x0000000089c00000|  0%| F|  |TAMS 0x0000000089b00000, 0x0000000089b00000| Untracked 

Card table byte_map: [0x000001cb7bf50000,0x000001cb7c350000] _byte_map_base: 0x000001cb7bb42000

Marking Bits (Prev, Next): (CMBitMap*) 0x000001cb6549f8d0, (CMBitMap*) 0x000001cb6549f898
 Prev Bits: [0x000001cb00000000, 0x000001cb01f90000)
 Next Bits: [0x000001cb7c750000, 0x000001cb7e6e0000)

Polling page: 0x000001cb63380000

Metaspace:

Usage:
  Non-class:     29.84 MB capacity,    29.11 MB ( 98%) used,   593.06 KB (  2%) free+waste,   153.12 KB ( <1%) overhead. 
      Class:      5.02 MB capacity,     4.45 MB ( 89%) used,   499.56 KB ( 10%) free+waste,    81.44 KB (  2%) overhead. 
       Both:     34.86 MB capacity,    33.56 MB ( 96%) used,     1.07 MB (  3%) free+waste,   234.56 KB ( <1%) overhead. 

Virtual space:
  Non-class space:       32.00 MB reserved,      29.88 MB ( 93%) committed 
      Class space:        1.00 GB reserved,       5.12 MB ( <1%) committed 
             Both:        1.03 GB reserved,      35.00 MB (  3%) committed 

Chunk freelists:
   Non-Class:  4.75 KB
       Class:  1.62 KB
        Both:  6.38 KB

CodeHeap 'non-profiled nmethods': size=120064Kb used=1129Kb max_used=1129Kb free=118934Kb
 bounds [0x000001cb74610000, 0x000001cb74880000, 0x000001cb7bb50000]
CodeHeap 'profiled nmethods': size=120000Kb used=5957Kb max_used=5957Kb free=114042Kb
 bounds [0x000001cb6d0e0000, 0x000001cb6d6c0000, 0x000001cb74610000]
CodeHeap 'non-nmethods': size=5696Kb used=1394Kb max_used=1407Kb free=4302Kb
 bounds [0x000001cb6cb50000, 0x000001cb6cdc0000, 0x000001cb6d0e0000]
 total_blobs=3752 nmethods=2903 adapters=759
 compilation: enabled
              stopped_count=0, restarted_count=0
 full_count=0

Compilation events (10 events):
Event: 8.011 Thread 0x000001cb7ebef800 2905       3       jdk.internal.misc.Unsafe::putInt (8 bytes)
Event: 8.012 Thread 0x000001cb7ebef800 nmethod 2905 0x000001cb6d6b0b90 code [0x000001cb6d6b0d20, 0x000001cb6d6b0e38]
Event: 8.013 Thread 0x000001cb7ebef800 2906       3       jdk.internal.loader.BuiltinClassLoader$2::run (5 bytes)
Event: 8.014 Thread 0x000001cb7ebef800 nmethod 2906 0x000001cb6d6b0f10 code [0x000001cb6d6b10c0, 0x000001cb6d6b1208]
Event: 8.021 Thread 0x000001cb045fe800 nmethod 2896 0x000001cb74729290 code [0x000001cb74729440, 0x000001cb74729b38]
Event: 8.021 Thread 0x000001cb045fe800 2907       4       jdk.internal.loader.BuiltinClassLoader::moduleReaderFor (45 bytes)
Event: 8.023 Thread 0x000001cb045fe800 nmethod 2907 0x000001cb7472a110 code [0x000001cb7472a2a0, 0x000001cb7472a388]
Event: 8.024 Thread 0x000001cb7ebef800 2908       3       java.util.HashMap$Values::iterator (12 bytes)
Event: 8.024 Thread 0x000001cb7ebef800 nmethod 2908 0x000001cb6d6b1290 code [0x000001cb6d6b1440, 0x000001cb6d6b16a8]
Event: 8.024 Thread 0x000001cb7ebef800 2909       3       java.util.HashMap$ValueIterator::<init> (11 bytes)

GC Heap History (9 events):
Event: 1.917 GC heap before
{Heap before GC invocations=0 (full 0):
 garbage-first heap   total 131072K, used 13312K [0x0000000081c00000, 0x0000000100000000)
  region size 1024K, 14 young (14336K), 0 survivors (0K)
 Metaspace       used 10991K, capacity 11287K, committed 11520K, reserved 1058816K
  class space    used 1047K, capacity 1159K, committed 1280K, reserved 1048576K
}
Event: 1.929 GC heap after
{Heap after GC invocations=1 (full 0):
 garbage-first heap   total 131072K, used 3170K [0x0000000081c00000, 0x0000000100000000)
  region size 1024K, 2 young (2048K), 2 survivors (2048K)
 Metaspace       used 10991K, capacity 11287K, committed 11520K, reserved 1058816K
  class space    used 1047K, capacity 1159K, committed 1280K, reserved 1048576K
}
Event: 3.297 GC heap before
{Heap before GC invocations=1 (full 0):
 garbage-first heap   total 131072K, used 24674K [0x0000000081c00000, 0x0000000100000000)
  region size 1024K, 24 young (24576K), 2 survivors (2048K)
 Metaspace       used 17940K, capacity 18363K, committed 18560K, reserved 1064960K
  class space    used 2127K, capacity 2336K, committed 2432K, reserved 1048576K
}
Event: 3.308 GC heap after
{Heap after GC invocations=2 (full 0):
 garbage-first heap   total 131072K, used 6262K [0x0000000081c00000, 0x0000000100000000)
  region size 1024K, 3 young (3072K), 3 survivors (3072K)
 Metaspace       used 17940K, capacity 18363K, committed 18560K, reserved 1064960K
  class space    used 2127K, capacity 2336K, committed 2432K, reserved 1048576K
}
Event: 4.104 GC heap before
{Heap before GC invocations=2 (full 0):
 garbage-first heap   total 131072K, used 13430K [0x0000000081c00000, 0x0000000100000000)
  region size 1024K, 11 young (11264K), 3 survivors (3072K)
 Metaspace       used 20502K, capacity 21139K, committed 21248K, reserved 1067008K
  class space    used 2463K, capacity 2749K, committed 2816K, reserved 1048576K
}
Event: 4.116 GC heap after
{Heap after GC invocations=3 (full 0):
 garbage-first heap   total 131072K, used 7906K [0x0000000081c00000, 0x0000000100000000)
  region size 1024K, 2 young (2048K), 2 survivors (2048K)
 Metaspace       used 20502K, capacity 21139K, committed 21248K, reserved 1067008K
  class space    used 2463K, capacity 2749K, committed 2816K, reserved 1048576K
}
Event: 7.256 GC heap before
{Heap before GC invocations=4 (full 0):
 garbage-first heap   total 131072K, used 36578K [0x0000000081c00000, 0x0000000100000000)
  region size 1024K, 31 young (31744K), 2 survivors (2048K)
 Metaspace       used 32270K, capacity 33424K, committed 33536K, reserved 1079296K
  class space    used 4268K, capacity 4775K, committed 4864K, reserved 1048576K
}
Event: 7.272 GC heap after
{Heap after GC invocations=5 (full 0):
 garbage-first heap   total 131072K, used 12092K [0x0000000081c00000, 0x0000000100000000)
  region size 1024K, 4 young (4096K), 4 survivors (4096K)
 Metaspace       used 32270K, capacity 33424K, committed 33536K, reserved 1079296K
  class space    used 4268K, capacity 4775K, committed 4864K, reserved 1048576K
}
Event: 8.024 GC heap before
{Heap before GC invocations=5 (full 0):
 garbage-first heap   total 131072K, used 23356K [0x0000000081c00000, 0x0000000100000000)
  region size 1024K, 14 young (14336K), 4 survivors (4096K)
 Metaspace       used 34365K, capacity 35693K, committed 35840K, reserved 1081344K
  class space    used 4558K, capacity 5139K, committed 5248K, reserved 1048576K
}

Deoptimization events (10 events):
Event: 6.296 Thread 0x000001cb04843000 Uncommon trap: reason=class_check action=maybe_recompile pc=0x000001cb7461a55c method=java.lang.String.equals(Ljava/lang/Object;)Z @ 8 c2
Event: 6.296 Thread 0x000001cb04843000 Uncommon trap: reason=class_check action=maybe_recompile pc=0x000001cb7461a55c method=java.lang.String.equals(Ljava/lang/Object;)Z @ 8 c2
Event: 6.296 Thread 0x000001cb04843000 Uncommon trap: reason=speculate_class_check action=maybe_recompile pc=0x000001cb746e3178 method=com.sun.javafx.css.BitSet.containsAll(Ljava/util/Collection;)Z @ 20 c2
Event: 6.296 Thread 0x000001cb04843000 Uncommon trap: reason=speculate_class_check action=maybe_recompile pc=0x000001cb746e3178 method=com.sun.javafx.css.BitSet.containsAll(Ljava/util/Collection;)Z @ 20 c2
Event: 6.425 Thread 0x000001cb04843000 Uncommon trap: reason=class_check action=maybe_recompile pc=0x000001cb7461a55c method=java.lang.String.equals(Ljava/lang/Object;)Z @ 8 c2
Event: 7.572 Thread 0x000001cb04843000 Uncommon trap: reason=unstable_if action=reinterpret pc=0x000001cb746ef028 method=com.sun.javafx.css.BitSet.add(Ljava/lang/Object;)Z @ 91 c2
Event: 7.699 Thread 0x000001cb04843000 Uncommon trap: reason=unstable_if action=reinterpret pc=0x000001cb74712fb0 method=javafx.css.SimpleSelector.stateMatches(Ljavafx/css/Styleable;Ljava/util/Set;)Z @ 1 c2
Event: 7.823 Thread 0x000001cb04843000 Uncommon trap: reason=unstable_if action=reinterpret pc=0x000001cb74642900 method=jdk.internal.org.objectweb.asm.Type.getArgumentsAndReturnSizes(Ljava/lang/String;)I @ 47 c2
Event: 7.826 Thread 0x000001cb04843000 Uncommon trap: reason=unstable_if action=reinterpret pc=0x000001cb7468bef8 method=java.lang.invoke.InvokerBytecodeGenerator.loadInsnOpcode(Ljava/lang/invoke/LambdaForm$BasicType;)I @ 8 c2
Event: 7.965 Thread 0x000001cb7f772800 Uncommon trap: reason=unstable_if action=reinterpret pc=0x000001cb7466456c method=java.lang.invoke.LambdaForm$BasicType.basicType(C)Ljava/lang/invoke/LambdaForm$BasicType; @ 1 c2

Classes redefined (0 events):
No events

Internal exceptions (10 events):
Event: 5.661 Thread 0x000001cb04843000 Implicit null exception at 0x000001cb746a28af to 0x000001cb746a291d
Event: 5.774 Thread 0x000001cb04843000 Exception <a 'java/io/FileNotFoundException'{0x0000000088c11510}> (0x0000000088c11510) thrown at [./open/src/hotspot/share/prims/jni.cpp, line 611]
Event: 6.342 Thread 0x000001cb04843000 Exception <a 'java/lang/NoSuchMethodError'{0x00000000889addd8}: java.lang.invoke.Invokers$Holder.linkToTargetMethod(Ljava/lang/Object;ILjava/lang/Object;)Ljava/lang/Object;> (0x00000000889addd8) thrown at [./open/src/hotspot/share/interpreter/linkResolver
Event: 6.410 Thread 0x000001cb04843000 Exception <a 'java/lang/NoSuchMethodError'{0x0000000088845590}: java.lang.invoke.DirectMethodHandle$Holder.invokeInterface(Ljava/lang/Object;Ljava/lang/Object;Ljava/lang/Object;)Ljava/lang/Object;> (0x0000000088845590) thrown at [./open/src/hotspot/share/
Event: 6.410 Thread 0x000001cb04843000 Exception <a 'java/lang/IncompatibleClassChangeError'{0x0000000088848518}: Found class java.lang.Object, but interface was expected> (0x0000000088848518) thrown at [./open/src/hotspot/share/interpreter/linkResolver.cpp, line 838]
Event: 7.047 Thread 0x000001cb04843000 Exception <a 'java/lang/NoSuchMethodError'{0x0000000087f5b490}: java.lang.invoke.DirectMethodHandle$Holder.invokeSpecialIFC(Ljava/lang/Object;Ljava/lang/Object;Ljava/lang/Object;Ljava/lang/Object;)V> (0x0000000087f5b490) thrown at [./open/src/hotspot/shar
Event: 7.699 Thread 0x000001cb04843000 Implicit null exception at 0x000001cb747125e1 to 0x000001cb74712f84
Event: 7.823 Thread 0x000001cb04843000 Exception <a 'java/lang/NoSuchMethodError'{0x0000000089534c48}: java.lang.invoke.DirectMethodHandle$Holder.invokeStaticInit(Ljava/lang/Object;Ljava/lang/Object;Ljava/lang/Object;)J> (0x0000000089534c48) thrown at [./open/src/hotspot/share/interpreter/link
Event: 7.827 Thread 0x000001cb04843000 Exception <a 'java/lang/NoSuchMethodError'{0x000000008954d148}: java.lang.invoke.DirectMethodHandle$Holder.invokeStatic(Ljava/lang/Object;Ljava/lang/Object;J)Ljava/lang/Object;> (0x000000008954d148) thrown at [./open/src/hotspot/share/interpreter/linkReso
Event: 7.831 Thread 0x000001cb04843000 Exception <a 'java/lang/NoSuchMethodError'{0x00000000895532c0}: java.lang.invoke.Invokers$Holder.linkToTargetMethod(Ljava/lang/Object;JLjava/lang/Object;)Ljava/lang/Object;> (0x00000000895532c0) thrown at [./open/src/hotspot/share/interpreter/linkResolver

Events (10 events):
Event: 8.019 loading class com/sun/javafx/image/BytePixelAccessor done
Event: 8.020 loading class com/sun/javafx/image/impl/BaseByteToByteConverter
Event: 8.020 loading class com/sun/javafx/image/impl/BaseByteToByteConverter done
Event: 8.020 loading class com/sun/javafx/image/impl/BaseByteToByteConverter$ByteAnyToSameConverter
Event: 8.020 loading class com/sun/javafx/image/impl/BaseByteToByteConverter$ByteAnyToSameConverter done
Event: 8.022 loading class com/sun/scenario/effect/impl/Renderer
Event: 8.022 loading class com/sun/scenario/effect/impl/Renderer done
Event: 8.024 loading class com/sun/scenario/effect/impl/RendererFactory
Event: 8.024 loading class com/sun/scenario/effect/impl/RendererFactory done
Event: 8.024 Executing VM operation: CollectForMetadataAllocation


Dynamic libraries:
0x00007ff728ed0000 - 0x00007ff728ee0000 	C:\Program Files\Java\jdk-11\bin\java.exe
0x00007ff819250000 - 0x00007ff819448000 	C:\Windows\SYSTEM32\ntdll.dll
0x00007ff818500000 - 0x00007ff8185c2000 	C:\Windows\System32\KERNEL32.DLL
0x00007ff8169e0000 - 0x00007ff816cd6000 	C:\Windows\System32\KERNELBASE.dll
0x00007ff8168e0000 - 0x00007ff8169e0000 	C:\Windows\System32\ucrtbase.dll
0x00007ff80c0d0000 - 0x00007ff80c0eb000 	C:\Program Files\Java\jdk-11\bin\VCRUNTIME140.dll
0x00007ff80c0b0000 - 0x00007ff80c0c9000 	C:\Program Files\Java\jdk-11\bin\jli.dll
0x00007ff8185e0000 - 0x00007ff818691000 	C:\Windows\System32\ADVAPI32.dll
0x00007ff817280000 - 0x00007ff81731e000 	C:\Windows\System32\msvcrt.dll
0x00007ff8190c0000 - 0x00007ff81915f000 	C:\Windows\System32\sechost.dll
0x00007ff818fa0000 - 0x00007ff8190c0000 	C:\Windows\System32\RPCRT4.dll
0x00007ff816ce0000 - 0x00007ff816d07000 	C:\Windows\System32\bcrypt.dll
0x00007ff817380000 - 0x00007ff817521000 	C:\Windows\System32\USER32.dll
0x00007ff817120000 - 0x00007ff817142000 	C:\Windows\System32\win32u.dll
0x00007ff817eb0000 - 0x00007ff817edb000 	C:\Windows\System32\GDI32.dll
0x00007ff817150000 - 0x00007ff817269000 	C:\Windows\System32\gdi32full.dll
0x00007ff816fd0000 - 0x00007ff81706d000 	C:\Windows\System32\msvcp_win.dll
0x00007fffff510000 - 0x00007fffff7ab000 	C:\Windows\WinSxS\amd64_microsoft.windows.common-controls_6595b64144ccf1df_6.0.19041.6456_none_60b8a6cb71f64256\COMCTL32.dll
0x00007ff80d5e0000 - 0x00007ff80d5ea000 	C:\Windows\SYSTEM32\VERSION.dll
0x00007ff818350000 - 0x00007ff81837f000 	C:\Windows\System32\IMM32.DLL
0x00007ff80bd60000 - 0x00007ff80bd6c000 	C:\Program Files\Java\jdk-11\bin\vcruntime140_1.dll
0x00007fffec090000 - 0x00007fffec11e000 	C:\Program Files\Java\jdk-11\bin\msvcp140.dll
0x00007fffa7020000 - 0x00007fffa7b8d000 	C:\Program Files\Java\jdk-11\bin\server\jvm.dll
0x00007ff8185d0000 - 0x00007ff8185d8000 	C:\Windows\System32\PSAPI.DLL
0x00007fffff910000 - 0x00007fffff919000 	C:\Windows\SYSTEM32\WSOCK32.dll
0x00007ff818850000 - 0x00007ff8188bb000 	C:\Windows\System32\WS2_32.dll
0x00007ffffeba0000 - 0x00007ffffebc7000 	C:\Windows\SYSTEM32\WINMM.dll
0x00007ff815140000 - 0x00007ff815152000 	C:\Windows\SYSTEM32\kernel.appcore.dll
0x00007ff80bbc0000 - 0x00007ff80bbd0000 	C:\Program Files\Java\jdk-11\bin\verify.dll
0x00007ff814eb0000 - 0x00007ff8150b1000 	C:\Windows\SYSTEM32\DBGHELP.DLL
0x00007ffffc3e0000 - 0x00007ffffc414000 	C:\Windows\SYSTEM32\dbgcore.DLL
0x00007ff816f40000 - 0x00007ff816fc2000 	C:\Windows\System32\bcryptPrimitives.dll
0x00007ff80a5d0000 - 0x00007ff80a5f8000 	C:\Program Files\Java\jdk-11\bin\java.dll
0x00007ffff1eb0000 - 0x00007ffff1eba000 	C:\Program Files\Java\jdk-11\bin\jimage.dll
0x00007ffff1ea0000 - 0x00007ffff1eae000 	C:\Program Files\Java\jdk-11\bin\instrument.dll
0x00007ffff1e80000 - 0x00007ffff1e97000 	C:\Program Files\Java\jdk-11\bin\zip.dll
0x00007ff8176e0000 - 0x00007ff817e50000 	C:\Windows\System32\SHELL32.dll
0x00007ff814640000 - 0x00007ff814de5000 	C:\Windows\SYSTEM32\windows.storage.dll
0x00007ff8188c0000 - 0x00007ff818c14000 	C:\Windows\System32\combase.dll
0x00007ff816230000 - 0x00007ff81625b000 	C:\Windows\SYSTEM32\Wldp.dll
0x00007ff818380000 - 0x00007ff81844d000 	C:\Windows\System32\OLEAUT32.dll
0x00007ff819160000 - 0x00007ff81920d000 	C:\Windows\System32\SHCORE.dll
0x00007ff817e50000 - 0x00007ff817eab000 	C:\Windows\System32\shlwapi.dll
0x00007ff816810000 - 0x00007ff816834000 	C:\Windows\SYSTEM32\profapi.dll
0x00007ffff1cd0000 - 0x00007ffff1ce9000 	C:\Program Files\Java\jdk-11\bin\net.dll
0x00007ff808fb0000 - 0x00007ff8090ba000 	C:\Windows\SYSTEM32\WINHTTP.dll
0x00007ff815f90000 - 0x00007ff815ffa000 	C:\Windows\system32\mswsock.dll
0x00007ffff1cb0000 - 0x00007ffff1cc2000 	C:\Program Files\Java\jdk-11\bin\nio.dll
0x000001cb653f0000 - 0x000001cb653f3000 	C:\Users\Admin\.openjfx\cache\19.0.2+1\amd64\api-ms-win-core-console-l1-1-0.dll
0x000001cb65400000 - 0x000001cb65403000 	C:\Users\Admin\.openjfx\cache\19.0.2+1\amd64\api-ms-win-core-console-l1-2-0.dll
0x000001cb65410000 - 0x000001cb65413000 	C:\Users\Admin\.openjfx\cache\19.0.2+1\amd64\api-ms-win-core-datetime-l1-1-0.dll
0x000001cb65420000 - 0x000001cb65423000 	C:\Users\Admin\.openjfx\cache\19.0.2+1\amd64\api-ms-win-core-debug-l1-1-0.dll
0x000001cb65430000 - 0x000001cb65433000 	C:\Users\Admin\.openjfx\cache\19.0.2+1\amd64\api-ms-win-core-errorhandling-l1-1-0.dll
0x000001cb7fb10000 - 0x000001cb7fb14000 	C:\Users\Admin\.openjfx\cache\19.0.2+1\amd64\api-ms-win-core-file-l1-1-0.dll
0x000001cb7fb20000 - 0x000001cb7fb23000 	C:\Users\Admin\.openjfx\cache\19.0.2+1\amd64\api-ms-win-core-file-l1-2-0.dll
0x000001cb7fb30000 - 0x000001cb7fb33000 	C:\Users\Admin\.openjfx\cache\19.0.2+1\amd64\api-ms-win-core-file-l2-1-0.dll
0x000001cb7fb40000 - 0x000001cb7fb43000 	C:\Users\Admin\.openjfx\cache\19.0.2+1\amd64\api-ms-win-core-handle-l1-1-0.dll
0x000001cb7fb50000 - 0x000001cb7fb53000 	C:\Users\Admin\.openjfx\cache\19.0.2+1\amd64\api-ms-win-core-heap-l1-1-0.dll
0x000001cb7fb60000 - 0x000001cb7fb63000 	C:\Users\Admin\.openjfx\cache\19.0.2+1\amd64\api-ms-win-core-interlocked-l1-1-0.dll
0x000001cb7fb70000 - 0x000001cb7fb73000 	C:\Users\Admin\.openjfx\cache\19.0.2+1\amd64\api-ms-win-core-libraryloader-l1-1-0.dll
0x000001cb7fb80000 - 0x000001cb7fb83000 	C:\Users\Admin\.openjfx\cache\19.0.2+1\amd64\api-ms-win-core-localization-l1-2-0.dll
0x000001cb7fb90000 - 0x000001cb7fb93000 	C:\Users\Admin\.openjfx\cache\19.0.2+1\amd64\api-ms-win-core-memory-l1-1-0.dll
0x000001cb7fba0000 - 0x000001cb7fba3000 	C:\Users\Admin\.openjfx\cache\19.0.2+1\amd64\api-ms-win-core-namedpipe-l1-1-0.dll
0x000001cb7fbb0000 - 0x000001cb7fbb3000 	C:\Users\Admin\.openjfx\cache\19.0.2+1\amd64\api-ms-win-core-processenvironment-l1-1-0.dll
0x000001cb7fbc0000 - 0x000001cb7fbc3000 	C:\Users\Admin\.openjfx\cache\19.0.2+1\amd64\api-ms-win-core-processthreads-l1-1-0.dll
0x000001cb7fbd0000 - 0x000001cb7fbd3000 	C:\Users\Admin\.openjfx\cache\19.0.2+1\amd64\api-ms-win-core-processthreads-l1-1-1.dll
0x000001cb7fbe0000 - 0x000001cb7fbe3000 	C:\Users\Admin\.openjfx\cache\19.0.2+1\amd64\api-ms-win-core-profile-l1-1-0.dll
0x000001cb7fbf0000 - 0x000001cb7fbf3000 	C:\Users\Admin\.openjfx\cache\19.0.2+1\amd64\api-ms-win-core-rtlsupport-l1-1-0.dll
0x000001cb7fc00000 - 0x000001cb7fc03000 	C:\Users\Admin\.openjfx\cache\19.0.2+1\amd64\api-ms-win-core-string-l1-1-0.dll
0x000001cb7fc10000 - 0x000001cb7fc13000 	C:\Users\Admin\.openjfx\cache\19.0.2+1\amd64\api-ms-win-core-synch-l1-1-0.dll
0x000001cb7fc20000 - 0x000001cb7fc23000 	C:\Users\Admin\.openjfx\cache\19.0.2+1\amd64\api-ms-win-core-synch-l1-2-0.dll
0x000001cb7fc30000 - 0x000001cb7fc33000 	C:\Users\Admin\.openjfx\cache\19.0.2+1\amd64\api-ms-win-core-sysinfo-l1-1-0.dll
0x000001cb7fc40000 - 0x000001cb7fc43000 	C:\Users\Admin\.openjfx\cache\19.0.2+1\amd64\api-ms-win-core-timezone-l1-1-0.dll
0x000001cb7fc50000 - 0x000001cb7fc53000 	C:\Users\Admin\.openjfx\cache\19.0.2+1\amd64\api-ms-win-core-util-l1-1-0.dll
0x000001cb7fc60000 - 0x000001cb7fc63000 	C:\Users\Admin\.openjfx\cache\19.0.2+1\amd64\api-ms-win-crt-conio-l1-1-0.dll
0x000001cb7fc70000 - 0x000001cb7fc74000 	C:\Users\Admin\.openjfx\cache\19.0.2+1\amd64\api-ms-win-crt-convert-l1-1-0.dll
0x000001cb7fc80000 - 0x000001cb7fc83000 	C:\Users\Admin\.openjfx\cache\19.0.2+1\amd64\api-ms-win-crt-environment-l1-1-0.dll
0x000001cb7fc90000 - 0x000001cb7fc93000 	C:\Users\Admin\.openjfx\cache\19.0.2+1\amd64\api-ms-win-crt-filesystem-l1-1-0.dll
0x000001cb7fca0000 - 0x000001cb7fca3000 	C:\Users\Admin\.openjfx\cache\19.0.2+1\amd64\api-ms-win-crt-heap-l1-1-0.dll
0x000001cb7fcb0000 - 0x000001cb7fcb3000 	C:\Users\Admin\.openjfx\cache\19.0.2+1\amd64\api-ms-win-crt-locale-l1-1-0.dll
0x000001cb7fcc0000 - 0x000001cb7fcc5000 	C:\Users\Admin\.openjfx\cache\19.0.2+1\amd64\api-ms-win-crt-math-l1-1-0.dll
0x000001cb7fcd0000 - 0x000001cb7fcd5000 	C:\Users\Admin\.openjfx\cache\19.0.2+1\amd64\api-ms-win-crt-multibyte-l1-1-0.dll
0x000001cb7fce0000 - 0x000001cb7fcf0000 	C:\Users\Admin\.openjfx\cache\19.0.2+1\amd64\api-ms-win-crt-private-l1-1-0.dll
0x000001cb7fcf0000 - 0x000001cb7fcf3000 	C:\Users\Admin\.openjfx\cache\19.0.2+1\amd64\api-ms-win-crt-process-l1-1-0.dll
0x000001cb7fd00000 - 0x000001cb7fd04000 	C:\Users\Admin\.openjfx\cache\19.0.2+1\amd64\api-ms-win-crt-runtime-l1-1-0.dll
0x000001cb7fd10000 - 0x000001cb7fd14000 	C:\Users\Admin\.openjfx\cache\19.0.2+1\amd64\api-ms-win-crt-stdio-l1-1-0.dll
0x000001cb7fd20000 - 0x000001cb7fd24000 	C:\Users\Admin\.openjfx\cache\19.0.2+1\amd64\api-ms-win-crt-string-l1-1-0.dll
0x000001cb7fd30000 - 0x000001cb7fd33000 	C:\Users\Admin\.openjfx\cache\19.0.2+1\amd64\api-ms-win-crt-time-l1-1-0.dll
0x000001cb7fd40000 - 0x000001cb7fd43000 	C:\Users\Admin\.openjfx\cache\19.0.2+1\amd64\api-ms-win-crt-utility-l1-1-0.dll
0x00007fffebf90000 - 0x00007fffec08c000 	C:\Users\Admin\.openjfx\cache\19.0.2+1\amd64\ucrtbase.dll
0x00007fffef770000 - 0x00007fffef78b000 	C:\Users\Admin\.openjfx\cache\19.0.2+1\amd64\vcruntime140.dll
0x00007ffff1a20000 - 0x00007ffff1a2c000 	C:\Users\Admin\.openjfx\cache\19.0.2+1\amd64\vcruntime140_1.dll
0x00007fffebf00000 - 0x00007fffebf8e000 	C:\Users\Admin\.openjfx\cache\19.0.2+1\amd64\msvcp140.dll
0x00007ffff19f0000 - 0x00007ffff19f9000 	C:\Users\Admin\.openjfx\cache\19.0.2+1\amd64\msvcp140_1.dll
0x00007fffef6f0000 - 0x00007fffef720000 	C:\Users\Admin\.openjfx\cache\19.0.2+1\amd64\msvcp140_2.dll
0x00007fffef6c0000 - 0x00007fffef6ec000 	C:\Users\Admin\.openjfx\cache\19.0.2+1\amd64\prism_d3d.dll
0x00007fffe0690000 - 0x00007fffe0861000 	C:\Windows\system32\d3d9.dll
0x00007ff814020000 - 0x00007ff81404e000 	C:\Windows\SYSTEM32\dwmapi.dll
0x00007ff810cf0000 - 0x00007ff810d8e000 	C:\Windows\system32\uxtheme.dll
0x00007fffe0520000 - 0x00007fffe0685000 	C:\Windows\System32\DriverStore\FileRepository\igdlh64.inf_amd64_e6daaea9afe1e6f6\igdumdim64.dll
0x00007ff8186a0000 - 0x00007ff8187cb000 	C:\Windows\System32\ole32.dll
0x00007fffda130000 - 0x00007fffde92d000 	C:\Windows\System32\DriverStore\FileRepository\igdlh64.inf_amd64_e6daaea9afe1e6f6\igd9dxva64.dll
0x00007ff817ee0000 - 0x00007ff818350000 	C:\Windows\System32\SETUPAPI.dll
0x00007ff816d10000 - 0x00007ff816d5e000 	C:\Windows\System32\cfgmgr32.dll
0x00007ff8053e0000 - 0x00007ff805637000 	C:\Windows\System32\DriverStore\FileRepository\igdlh64.inf_amd64_e6daaea9afe1e6f6\igdgmm64.dll
0x00007fffef240000 - 0x00007fffef282000 	C:\Users\Admin\.openjfx\cache\19.0.2+1\amd64\glass.dll
0x00007ff818e40000 - 0x00007ff818f1a000 	C:\Windows\System32\COMDLG32.dll
0x00007ff817530000 - 0x00007ff817645000 	C:\Windows\System32\MSCTF.dll
0x00007fffff920000 - 0x00007fffff947000 	C:\Windows\System32\DriverStore\FileRepository\igdlh64.inf_amd64_e6daaea9afe1e6f6\igdinfo64.dll
0x00007ff8025e0000 - 0x00007ff8051f9000 	C:\Windows\System32\DriverStore\FileRepository\igdlh64.inf_amd64_e6daaea9afe1e6f6\igc64.dll
0x00007ff806df0000 - 0x00007ff806e2b000 	C:\Windows\SYSTEM32\dxcore.dll
0x00007fffef550000 - 0x00007fffef564000 	C:\Users\Admin\.openjfx\cache\19.0.2+1\amd64\javafx_font.dll
0x00007ff8014f0000 - 0x00007ff80176f000 	C:\Windows\SYSTEM32\dwrite.dll
0x00007ff815cb0000 - 0x00007ff815d7a000 	C:\Windows\SYSTEM32\DNSAPI.dll
0x00007ff815c70000 - 0x00007ff815cab000 	C:\Windows\SYSTEM32\IPHLPAPI.DLL
0x00007ff817270000 - 0x00007ff817278000 	C:\Windows\System32\NSI.dll
0x00007ff801f20000 - 0x00007ff801f2a000 	C:\Windows\System32\rasadhlp.dll
0x00007ff8021a0000 - 0x00007ff802220000 	C:\Windows\System32\fwpuclnt.dll
0x00007fffeece0000 - 0x00007fffeed07000 	C:\Program Files\Java\jdk-11\bin\sunec.dll
0x00007ff816190000 - 0x00007ff8161a8000 	C:\Windows\SYSTEM32\CRYPTSP.dll
0x00007ff8158b0000 - 0x00007ff8158e8000 	C:\Windows\system32\rsaenh.dll
0x00007ff816790000 - 0x00007ff8167be000 	C:\Windows\SYSTEM32\USERENV.dll
0x00007ff816180000 - 0x00007ff81618c000 	C:\Windows\SYSTEM32\CRYPTBASE.dll
0x00007ff80a9e0000 - 0x00007ff80a9f7000 	C:\Windows\SYSTEM32\dhcpcsvc6.DLL
0x00007ff80baa0000 - 0x00007ff80babd000 	C:\Windows\SYSTEM32\dhcpcsvc.DLL
0x00007fffeed10000 - 0x00007fffeed1e000 	C:\Program Files\Java\jdk-11\bin\sunmscapi.dll
0x00007ff816de0000 - 0x00007ff816f3d000 	C:\Windows\System32\CRYPT32.dll
0x00007ff8162a0000 - 0x00007ff8162c7000 	C:\Windows\SYSTEM32\ncrypt.dll

dbghelp: loaded successfully - version: 4.0.5 - missing functions: none
symbol engine: initialized successfully - sym options: 0x614 - pdb path: .;C:\Program Files\Java\jdk-11\bin;C:\Windows\SYSTEM32;C:\Windows\WinSxS\amd64_microsoft.windows.common-controls_6595b64144ccf1df_6.0.19041.6456_none_60b8a6cb71f64256;C:\Program Files\Java\jdk-11\bin\server;C:\Users\Admin\.openjfx\cache\19.0.2+1\amd64;C:\Windows\System32\DriverStore\FileRepository\igdlh64.inf_amd64_e6daaea9afe1e6f6;C:\Program Files\Common Files\Microsoft Shared\Ink

VM Arguments:
jvm_args: -javaagent:C:\Program Files\JetBrains\IntelliJ IDEA Community Edition 2025.2.5\lib\idea_rt.jar=60442 -Dfile.encoding=UTF-8 
java_command: Main
java_class_path (initial): D:\ICD_119\Standalone_Application_Development\Thogakade_practice_Project\target\classes;C:\Users\Admin\.m2\repository\org\openjfx\javafx-fxml\19.0.2\javafx-fxml-19.0.2.jar;C:\Users\Admin\.m2\repository\org\openjfx\javafx-fxml\19.0.2\javafx-fxml-19.0.2-win.jar;C:\Users\Admin\.m2\repository\org\openjfx\javafx-controls\19.0.2\javafx-controls-19.0.2.jar;C:\Users\Admin\.m2\repository\org\openjfx\javafx-controls\19.0.2\javafx-controls-19.0.2-win.jar;C:\Users\Admin\.m2\repository\org\openjfx\javafx-graphics\19.0.2\javafx-graphics-19.0.2.jar;C:\Users\Admin\.m2\repository\org\openjfx\javafx-graphics\19.0.2\javafx-graphics-19.0.2-win.jar;C:\Users\Admin\.m2\repository\org\openjfx\javafx-base\19.0.2\javafx-base-19.0.2.jar;C:\Users\Admin\.m2\repository\org\openjfx\javafx-base\19.0.2\javafx-base-19.0.2-win.jar;C:\Users\Admin\.m2\repository\com\jfoenix\jfoenix\9.0.1\jfoenix-9.0.1.jar;C:\Users\Admin\.m2\repository\org\projectlombok\lombok\1.18.42\lombok-1.18.42.jar;C:\Users\Admin\.m2\repository\com\mysql\mysql-connector-j\9.5.0\mysql-connector-j-9.5.0.jar;C:\Users\Admin\.m2\repository\com\google\protobuf\protobuf-java\4.31.1\protobuf-java-4.31.1.jar
Launcher Type: SUN_STANDARD

[Global flags]
     intx CICompilerCount                          = 3                                         {product} {ergonomic}
     uint ConcGCThreads                            = 1                                         {product} {ergonomic}
     uint G1ConcRefinementThreads                  = 4                                         {product} {ergonomic}
   size_t G1HeapRegionSize                         = 1048576                                   {product} {ergonomic}
    uintx GCDrainStackTargetSize                   = 64                                        {product} {ergonomic}
   size_t InitialHeapSize                          = 134217728                                 {product} {ergonomic}
   size_t MarkStackSize                            = 4194304                                   {product} {ergonomic}
   size_t MaxHeapSize                              = 2118123520                                {product} {ergonomic}
   size_t MaxNewSize                               = 1270874112                                {product} {ergonomic}
   size_t MinHeapDeltaBytes                        = 1048576                                   {product} {ergonomic}
    uintx NonNMethodCodeHeapSize                   = 5830732                                {pd product} {ergonomic}
    uintx NonProfiledCodeHeapSize                  = 122913754                              {pd product} {ergonomic}
    uintx ProfiledCodeHeapSize                     = 122913754                              {pd product} {ergonomic}
    uintx ReservedCodeCacheSize                    = 251658240                              {pd product} {ergonomic}
     bool SegmentedCodeCache                       = true                                      {product} {ergonomic}
     bool UseCompressedClassPointers               = true                                 {lp64_product} {ergonomic}
     bool UseCompressedOops                        = true                                 {lp64_product} {ergonomic}
     bool UseG1GC                                  = true                                      {product} {ergonomic}
     bool UseLargePagesIndividualAllocation        = false                                  {pd product} {ergonomic}

Logging:
Log output configuration:
 #0: stdout all=warning uptime,level,tags
 #1: stderr all=off uptime,level,tags

Environment Variables:
PATH=C:\Program Files\Java\jdk-11\bin;C:\Program Files\Common Files\Oracle\Java\javapath;C:\Windows\system32;C:\Windows;C:\Windows\System32\Wbem;C:\Windows\System32\WindowsPowerShell\v1.0\;C:\Windows\System32\OpenSSH\;C:\Program Files\dotnet\;C:\Program Files\MySQL\MySQL Server 8.0\bin;C:\Program Files\Git\cmd;C:\Users\Admin\AppData\Local\Microsoft\WindowsApps;;C:\Users\Admin\AppData\Local\Programs\Microsoft VS Code\bin;C:\Program Files\JetBrains\IntelliJ IDEA Community Edition 2025.2.5\bin
USERNAME=Admin
OS=Windows_NT
PROCESSOR_IDENTIFIER=Intel64 Family 6 Model 78 Stepping 3, GenuineIntel



---------------  S Y S T E M  ---------------

OS: Windows 10 , 64 bit Build 19041 (10.0.19041.5915)

CPU:total 4 (initial active 4) (2 cores per cpu, 2 threads per core) family 6 model 78 stepping 3 microcode 0xcc, cmov, cx8, fxsr, mmx, sse, sse2, sse3, ssse3, sse4.1, sse4.2, popcnt, avx, avx2, aes, clmul, erms, 3dnowpref, lzcnt, ht, tsc, tscinvbit, bmi1, bmi2, adx, fma

Memory: 4k page, system-wide physical 8072M (846M free)
TotalPageFile size 11022M (AvailPageFile size 10M)
current process WorkingSet (physical memory assigned to process): 174M, peak: 174M
current process commit charge ("private bytes"): 287M, peak: 312M

vm_info: Java HotSpot(TM) 64-Bit Server VM (11.0.20+9-LTS-256) for windows-amd64 JRE (11.0.20+9-LTS-256), built on Jun 14 2023 10:34:22 by "mach5one" with MS VC++ 17.1 (VS2022)

END.
